2023-11-21 13:47:11 [INFO] - 启动浏览器
2023-11-21 13:47:13 [INFO] - 浏览器启动，耗时: 1332ms
2023-11-21 13:47:13 [INFO] - 打开新页面
2023-11-21 13:47:13 [INFO] - 新页面打开，耗时: 172ms
2023-11-21 13:47:13 [INFO] - 导航到网页
2023-11-21 13:47:29 [INFO] - 导航完成，耗时: 16543ms
2023-11-21 13:47:30 [INFO] - 当前指数: -1.116
2023-11-21 13:47:30 [INFO] - 日期信息: Thu. Nov. 16, 2023 (not seasonally adjusted)
2023-11-21 13:47:30 [INFO] - 格式化日期: Thursday, 2023-11-16
2023-11-21 13:47:30 [INFO] - 浏览器已关闭
2023-11-21 13:47:30 [INFO] - 抓取数据完成
2023-11-21 13:52:27 [INFO] - 启动浏览器
2023-11-21 13:52:28 [INFO] - 浏览器启动，耗时: 766ms
2023-11-21 13:52:28 [INFO] - 打开新页面
2023-11-21 13:52:28 [INFO] - 新页面打开，耗时: 165ms
2023-11-21 13:52:28 [INFO] - 导航到网页
2023-11-21 13:52:48 [INFO] - 导航完成，耗时: 20557ms
2023-11-21 13:52:48 [INFO] - 当前指数: -1.116
2023-11-21 13:52:48 [INFO] - 日期信息: Thu. Nov. 16, 2023 (not seasonally adjusted)
2023-11-21 13:52:48 [INFO] - 格式化日期: Thursday, 2023-11-16
2023-11-21 13:52:49 [INFO] - 浏览器已关闭
2023-11-21 13:52:49 [INFO] - 抓取数据完成, Data: ${JSON.stringify(data)}
2023-11-21 13:53:30 [INFO] - 启动浏览器
2023-11-21 13:53:31 [INFO] - 浏览器启动，耗时: 888ms
2023-11-21 13:53:31 [INFO] - 打开新页面
2023-11-21 13:53:31 [INFO] - 新页面打开，耗时: 180ms
2023-11-21 13:53:31 [INFO] - 导航到网页
2023-11-21 13:53:50 [INFO] - 导航完成，耗时: 19399ms
2023-11-21 13:53:50 [INFO] - 当前指数: -1.116
2023-11-21 13:53:50 [INFO] - 日期信息: Thu. Nov. 16, 2023 (not seasonally adjusted)
2023-11-21 13:53:50 [INFO] - 格式化日期: Thursday, 2023-11-16
2023-11-21 13:53:51 [INFO] - 浏览器已关闭
2023-11-21 13:53:51 [INFO] - 抓取数据完成
2023-11-21 14:26:14 [INFO] - 启动浏览器
2023-11-21 14:26:15 [INFO] - 浏览器启动，耗时: 818ms
2023-11-21 14:26:15 [INFO] - 打开新页面
2023-11-21 14:26:15 [INFO] - 新页面打开，耗时: 310ms
2023-11-21 14:26:15 [INFO] - 导航到网页
2023-11-21 14:26:35 [INFO] - 导航完成，耗时: 19566ms
2023-11-21 14:26:35 [INFO] - 当前指数: -1.116
2023-11-21 14:26:35 [INFO] - 日期信息: Thu. Nov. 16, 2023 (not seasonally adjusted)
2023-11-21 14:26:35 [INFO] - 格式化日期: Thursday, 2023-11-16
2023-11-21 14:26:35 [INFO] - 浏览器已关闭
2023-11-21 14:26:35 [INFO] - 抓取数据完成
2023-11-21 14:56:14 [INFO] - 启动浏览器
2023-11-21 14:56:15 [INFO] - 浏览器启动，耗时: 1033ms
2023-11-21 14:56:15 [INFO] - 打开新页面
2023-11-21 14:56:15 [INFO] - 新页面打开，耗时: 243ms
2023-11-21 14:56:15 [INFO] - 导航到网页
2023-11-21 14:56:38 [INFO] - 导航完成，耗时: 22941ms
2023-11-21 14:56:38 [INFO] - 当前指数: -1.116
2023-11-21 14:56:38 [INFO] - 日期信息: Thu. Nov. 16, 2023 (not seasonally adjusted)
2023-11-21 14:56:38 [INFO] - 格式化日期: Thursday, 2023-11-16
2023-11-21 14:56:39 [INFO] - 浏览器已关闭
2023-11-21 14:56:39 [INFO] - 抓取数据完成
2023-11-21 15:26:14 [INFO] - 启动浏览器
2023-11-21 15:26:19 [INFO] - 浏览器启动，耗时: 4841ms
2023-11-21 15:26:19 [INFO] - 打开新页面
2023-11-21 15:26:20 [INFO] - 新页面打开，耗时: 949ms
2023-11-21 15:26:20 [INFO] - 导航到网页
2023-11-21 15:26:36 [INFO] - 导航完成，耗时: 16007ms
2023-11-21 15:26:36 [INFO] - 当前指数: -1.116
2023-11-21 15:26:36 [INFO] - 日期信息: Thu. Nov. 16, 2023 (not seasonally adjusted)
2023-11-21 15:26:36 [INFO] - 格式化日期: Thursday, 2023-11-16
2023-11-21 15:26:36 [INFO] - 浏览器已关闭
2023-11-21 15:26:36 [INFO] - 抓取数据完成
2023-11-21 16:09:54 [INFO] - 启动浏览器
2023-11-21 16:09:55 [INFO] - 浏览器启动，耗时: 1126ms
2023-11-21 16:09:55 [INFO] - 打开新页面
2023-11-21 16:09:56 [INFO] - 新页面打开，耗时: 249ms
2023-11-21 16:09:56 [INFO] - 导航到网页
2023-11-21 16:10:14 [INFO] - 导航完成，耗时: 18708ms
2023-11-21 16:10:15 [INFO] - 当前指数: -1.116
2023-11-21 16:10:15 [INFO] - 日期信息: Thu. Nov. 16, 2023 (not seasonally adjusted)
2023-11-21 16:10:15 [INFO] - 格式化日期: Thursday, 2023-11-16
2023-11-21 16:10:15 [INFO] - 浏览器已关闭
2023-11-21 16:10:16 [INFO] - 数据发送到Webhook成功
2023-11-21 16:10:16 [INFO] - 抓取数据完成
2023-11-21 16:39:54 [INFO] - 启动浏览器
2023-11-21 16:39:56 [INFO] - 浏览器启动，耗时: 1785ms
2023-11-21 16:39:56 [INFO] - 打开新页面
2023-11-21 16:39:56 [INFO] - 新页面打开，耗时: 280ms
2023-11-21 16:39:56 [INFO] - 导航到网页
2023-11-21 16:40:21 [INFO] - 导航完成，耗时: 24957ms
2023-11-21 16:40:21 [INFO] - 当前指数: -1.116
2023-11-21 16:40:21 [INFO] - 日期信息: Thu. Nov. 16, 2023 (not seasonally adjusted)
2023-11-21 16:40:21 [INFO] - 格式化日期: Thursday, 2023-11-16
2023-11-21 16:40:22 [INFO] - 浏览器已关闭
2023-11-21 16:40:22 [INFO] - 数据发送到Webhook成功
2023-11-21 16:40:22 [INFO] - 抓取数据完成
2023-11-21 17:09:54 [INFO] - 启动浏览器
2023-11-21 17:09:55 [INFO] - 浏览器启动，耗时: 895ms
2023-11-21 17:09:55 [INFO] - 打开新页面
2023-11-21 17:09:55 [INFO] - 新页面打开，耗时: 169ms
2023-11-21 17:09:55 [INFO] - 导航到网页
2023-11-21 17:10:15 [INFO] - 导航完成，耗时: 20098ms
2023-11-21 17:10:16 [INFO] - 当前指数: -1.116
2023-11-21 17:10:16 [INFO] - 日期信息: Thu. Nov. 16, 2023 (not seasonally adjusted)
2023-11-21 17:10:16 [INFO] - 格式化日期: Thursday, 2023-11-16
2023-11-21 17:10:16 [INFO] - 浏览器已关闭
2023-11-21 17:10:17 [INFO] - 数据发送到Webhook成功
2023-11-21 17:10:17 [INFO] - 抓取数据完成
2023-11-21 17:39:54 [INFO] - 启动浏览器
2023-11-21 17:39:59 [INFO] - 浏览器启动，耗时: 4935ms
2023-11-21 17:39:59 [INFO] - 打开新页面
2023-11-21 17:39:59 [INFO] - 新页面打开，耗时: 223ms
2023-11-21 17:39:59 [INFO] - 导航到网页
2023-11-21 17:40:22 [INFO] - 导航完成，耗时: 22112ms
2023-11-21 17:40:22 [INFO] - 当前指数: -1.116
2023-11-21 17:40:22 [INFO] - 日期信息: Thu. Nov. 16, 2023 (not seasonally adjusted)
2023-11-21 17:40:22 [INFO] - 格式化日期: Thursday, 2023-11-16
2023-11-21 17:40:22 [INFO] - 浏览器已关闭
2023-11-21 17:40:23 [INFO] - 数据发送到Webhook成功
2023-11-21 17:40:23 [INFO] - 抓取数据完成
2023-11-21 18:09:54 [INFO] - 启动浏览器
2023-11-21 18:09:55 [INFO] - 浏览器启动，耗时: 598ms
2023-11-21 18:09:55 [INFO] - 打开新页面
2023-11-21 18:09:55 [INFO] - 新页面打开，耗时: 140ms
2023-11-21 18:09:55 [INFO] - 导航到网页
2023-11-21 18:10:09 [INFO] - 导航完成，耗时: 13539ms
2023-11-21 18:10:09 [INFO] - 当前指数: -1.116
2023-11-21 18:10:09 [INFO] - 日期信息: Thu. Nov. 16, 2023 (not seasonally adjusted)
2023-11-21 18:10:09 [INFO] - 格式化日期: Thursday, 2023-11-16
2023-11-21 18:10:09 [INFO] - 浏览器已关闭
2023-11-21 18:10:09 [INFO] - 数据发送到Webhook成功
2023-11-21 18:10:09 [INFO] - 抓取数据完成
2023-11-21 19:29:38 [INFO] - 启动浏览器
2023-11-21 19:30:05 [INFO] - 浏览器启动，耗时: 25825ms
2023-11-21 19:30:05 [INFO] - 打开新页面
2023-11-21 19:30:05 [INFO] - 新页面打开，耗时: 296ms
2023-11-21 19:30:05 [INFO] - 导航到网页
2023-11-21 19:30:27 [INFO] - 导航完成，耗时: 22218ms
2023-11-21 19:30:27 [INFO] - 当前指数: -1.116
2023-11-21 19:30:27 [INFO] - 日期信息: Thu. Nov. 16, 2023 (not seasonally adjusted)
2023-11-21 19:30:27 [INFO] - 格式化日期: Thursday, 2023-11-16
2023-11-21 19:30:28 [INFO] - 浏览器已关闭
2023-11-21 19:30:28 [INFO] - 数据发送到Webhook成功
2023-11-21 19:30:28 [INFO] - 抓取数据完成
2023-11-21 19:59:38 [INFO] - 启动浏览器
2023-11-21 19:59:39 [INFO] - 浏览器启动，耗时: 885ms
2023-11-21 19:59:39 [INFO] - 打开新页面
2023-11-21 19:59:39 [INFO] - 新页面打开，耗时: 188ms
2023-11-21 19:59:39 [INFO] - 导航到网页
2023-11-21 20:00:11 [INFO] - 导航完成，耗时: 31648ms
2023-11-21 20:00:11 [INFO] - 当前指数: -1.116
2023-11-21 20:00:11 [INFO] - 日期信息: Thu. Nov. 16, 2023 (not seasonally adjusted)
2023-11-21 20:00:11 [INFO] - 格式化日期: Thursday, 2023-11-16
2023-11-21 20:00:11 [INFO] - 浏览器已关闭
2023-11-21 20:00:12 [INFO] - 数据发送到Webhook成功
2023-11-21 20:00:12 [INFO] - 抓取数据完成
2023-11-22 09:47:19 [INFO] - 启动浏览器
2023-11-22 09:48:34 [ERROR] - 发生错误: Timed out after waiting 30000ms
2023-11-22 09:48:34 [ERROR] - 抓取过程中发生错误
2023-11-22 10:17:19 [INFO] - 启动浏览器
2023-11-22 10:17:21 [INFO] - 浏览器启动，耗时: 2375ms
2023-11-22 10:17:21 [INFO] - 打开新页面
2023-11-22 10:17:22 [INFO] - 新页面打开，耗时: 268ms
2023-11-22 10:17:22 [INFO] - 导航到网页
2023-11-22 10:17:44 [INFO] - 导航完成，耗时: 22193ms
2023-11-22 10:17:44 [INFO] - 当前指数: -1.228
2023-11-22 10:17:44 [INFO] - 日期信息: Fri. Nov. 17, 2023 (not seasonally adjusted)
2023-11-22 10:17:44 [INFO] - 格式化日期: Friday, 2023-11-17
2023-11-22 10:17:45 [INFO] - 浏览器已关闭
2023-11-22 10:17:45 [INFO] - 数据发送到Webhook成功
2023-11-22 10:17:45 [INFO] - 抓取数据完成
2023-11-22 10:47:19 [INFO] - 启动浏览器
2023-11-22 10:47:20 [INFO] - 浏览器启动，耗时: 1223ms
2023-11-22 10:47:20 [INFO] - 打开新页面
2023-11-22 10:47:20 [INFO] - 新页面打开，耗时: 255ms
2023-11-22 10:47:20 [INFO] - 导航到网页
2023-11-22 10:47:50 [INFO] - 导航完成，耗时: 29804ms
2023-11-22 10:47:51 [INFO] - 当前指数: -1.228
2023-11-22 10:47:51 [INFO] - 日期信息: Fri. Nov. 17, 2023 (not seasonally adjusted)
2023-11-22 10:47:51 [INFO] - 格式化日期: Friday, 2023-11-17
2023-11-22 10:47:54 [INFO] - 浏览器已关闭
2023-11-22 10:47:55 [INFO] - 数据发送到Webhook成功
2023-11-22 10:47:55 [INFO] - 抓取数据完成
2023-11-22 11:17:19 [INFO] - 启动浏览器
2023-11-22 11:17:20 [INFO] - 浏览器启动，耗时: 735ms
2023-11-22 11:17:20 [INFO] - 打开新页面
2023-11-22 11:17:20 [INFO] - 新页面打开，耗时: 152ms
2023-11-22 11:17:20 [INFO] - 导航到网页
2023-11-22 11:17:33 [INFO] - 导航完成，耗时: 13211ms
2023-11-22 11:17:34 [INFO] - 当前指数: -1.228
2023-11-22 11:17:34 [INFO] - 日期信息: Fri. Nov. 17, 2023 (not seasonally adjusted)
2023-11-22 11:17:34 [INFO] - 格式化日期: Friday, 2023-11-17
2023-11-22 11:17:34 [INFO] - 浏览器已关闭
2023-11-22 11:17:34 [INFO] - 数据发送到Webhook成功
2023-11-22 11:17:34 [INFO] - 抓取数据完成
2023-11-22 11:47:19 [INFO] - 启动浏览器
2023-11-22 11:47:20 [INFO] - 浏览器启动，耗时: 1026ms
2023-11-22 11:47:20 [INFO] - 打开新页面
2023-11-22 11:47:20 [INFO] - 新页面打开，耗时: 199ms
2023-11-22 11:47:20 [INFO] - 导航到网页
2023-11-22 11:47:34 [INFO] - 导航完成，耗时: 13483ms
2023-11-22 11:47:34 [INFO] - 当前指数: -1.228
2023-11-22 11:47:34 [INFO] - 日期信息: Fri. Nov. 17, 2023 (not seasonally adjusted)
2023-11-22 11:47:34 [INFO] - 格式化日期: Friday, 2023-11-17
2023-11-22 11:47:35 [INFO] - 浏览器已关闭
2023-11-22 11:47:35 [INFO] - 数据发送到Webhook成功
2023-11-22 11:47:35 [INFO] - 抓取数据完成
2023-11-22 12:17:19 [INFO] - 启动浏览器
2023-11-22 12:17:22 [INFO] - 浏览器启动，耗时: 3402ms
2023-11-22 12:17:22 [INFO] - 打开新页面
2023-11-22 12:17:23 [INFO] - 新页面打开，耗时: 267ms
2023-11-22 12:17:23 [INFO] - 导航到网页
2023-11-22 12:17:57 [INFO] - 导航完成，耗时: 34017ms
2023-11-22 12:17:57 [INFO] - 当前指数: -1.228
2023-11-22 12:17:57 [INFO] - 日期信息: Fri. Nov. 17, 2023 (not seasonally adjusted)
2023-11-22 12:17:57 [INFO] - 格式化日期: Friday, 2023-11-17
2023-11-22 12:17:57 [INFO] - 浏览器已关闭
2023-11-22 12:17:58 [INFO] - 数据发送到Webhook成功
2023-11-22 12:17:58 [INFO] - 抓取数据完成
